# JRE version: Java(TM) SE Runtime Environment (8.0_05-b13) (build 1.8.0_05-b13)
# Java VM: Java HotSpot(TM) 64-Bit Server VM (25.5-b02 mixed mode windows-amd64 compressed oops)
Heap:
 PSYoungGen      total 101376K, used 69831K [0x000000076ab00000, 0x0000000773880000, 0x00000007c0000000)
  eden space 68096K, 100% used [0x000000076ab00000,0x000000076ed80000,0x000000076ed80000)
  from space 33280K, 5% used [0x0000000771800000,0x00000007719b1e60,0x0000000773880000)
  to   space 38400K, 49% used [0x000000076ed80000,0x000000076ffe5e68,0x0000000771300000)
 ParOldGen       total 105984K, used 86382K [0x00000006c0000000, 0x00000006c6780000, 0x000000076ab00000)
  object space 105984K, 81% used [0x00000006c0000000,0x00000006c545b8e0,0x00000006c6780000)
 Metaspace       used 5888K, capacity 6960K, committed 7040K, reserved 1056768K
  class space    used 589K, capacity 616K, committed 640K, reserved 1048576K
GC Heap History (10 events):
Event: 5.103 GC heap after
Heap after GC invocations=21 (full 1):
 PSYoungGen      total 79360K, used 21500K [0x000000076ab00000, 0x0000000771480000, 0x00000007c0000000)
  eden space 57856K, 0% used [0x000000076ab00000,0x000000076ab00000,0x000000076e380000)
  from space 21504K, 99% used [0x000000076fe80000,0x000000077137f058,0x0000000771380000)
  to   space 25088K, 0% used [0x000000076e380000,0x000000076e380000,0x000000076fc00000)
 ParOldGen       total 57344K, used 44783K [0x00000006c0000000, 0x00000006c3800000, 0x000000076ab00000)
  object space 57344K, 78% used [0x00000006c0000000,0x00000006c2bbbd28,0x00000006c3800000)
 Metaspace       used 5834K, capacity 6896K, committed 7040K, reserved 1056768K
  class space    used 589K, capacity 616K, committed 640K, reserved 1048576K
}
Event: 5.445 GC heap before
{Heap before GC invocations=22 (full 1):
 PSYoungGen      total 79360K, used 79356K [0x000000076ab00000, 0x0000000771480000, 0x00000007c0000000)
  eden space 57856K, 100% used [0x000000076ab00000,0x000000076e380000,0x000000076e380000)
  from space 21504K, 99% used [0x000000076fe80000,0x000000077137f058,0x0000000771380000)
  to   space 25088K, 0% used [0x000000076e380000,0x000000076e380000,0x000000076fc00000)
 ParOldGen       total 57344K, used 44783K [0x00000006c0000000, 0x00000006c3800000, 0x000000076ab00000)
  object space 57344K, 78% used [0x00000006c0000000,0x00000006c2bbbd28,0x00000006c3800000)
 Metaspace       used 5834K, capacity 6896K, committed 7040K, reserved 1056768K
  class space    used 589K, capacity 616K, committed 640K, reserved 1048576K
Event: 5.538 GC heap after
Heap after GC invocations=22 (full 1):
 PSYoungGen      total 82944K, used 25078K [0x000000076ab00000, 0x0000000773d00000, 0x00000007c0000000)
  eden space 57856K, 0% used [0x000000076ab00000,0x000000076ab00000,0x000000076e380000)
  from space 25088K, 99% used [0x000000076e380000,0x000000076fbfd8e8,0x000000076fc00000)
  to   space 37888K, 0% used [0x0000000771800000,0x0000000771800000,0x0000000773d00000)
 ParOldGen       total 67072K, used 66873K [0x00000006c0000000, 0x00000006c4180000, 0x000000076ab00000)
  object space 67072K, 99% used [0x00000006c0000000,0x00000006c414e638,0x00000006c4180000)
 Metaspace       used 5834K, capacity 6896K, committed 7040K, reserved 1056768K
  class space    used 589K, capacity 616K, committed 640K, reserved 1048576K
}
Event: 5.539 GC heap before
{Heap before GC invocations=23 (full 2):
 PSYoungGen      total 82944K, used 25078K [0x000000076ab00000, 0x0000000773d00000, 0x00000007c0000000)
  eden space 57856K, 0% used [0x000000076ab00000,0x000000076ab00000,0x000000076e380000)
  from space 25088K, 99% used [0x000000076e380000,0x000000076fbfd8e8,0x000000076fc00000)
  to   space 37888K, 0% used [0x0000000771800000,0x0000000771800000,0x0000000773d00000)
 ParOldGen       total 67072K, used 66873K [0x00000006c0000000, 0x00000006c4180000, 0x000000076ab00000)
  object space 67072K, 99% used [0x00000006c0000000,0x00000006c414e638,0x00000006c4180000)
 Metaspace       used 5834K, capacity 6896K, committed 7040K, reserved 1056768K
  class space    used 589K, capacity 616K, committed 640K, reserved 1048576K
Event: 6.115 GC heap after
Heap after GC invocations=23 (full 2):
 PSYoungGen      total 82944K, used 4049K [0x000000076ab00000, 0x0000000773d00000, 0x00000007c0000000)
  eden space 57856K, 0% used [0x000000076ab00000,0x000000076ab00000,0x000000076e380000)
  from space 25088K, 16% used [0x000000076e380000,0x000000076e774450,0x000000076fc00000)
  to   space 37888K, 0% used [0x0000000771800000,0x0000000771800000,0x0000000773d00000)
 ParOldGen       total 86528K, used 67033K [0x00000006c0000000, 0x00000006c5480000, 0x000000076ab00000)
  object space 86528K, 77% used [0x00000006c0000000,0x00000006c4176568,0x00000006c5480000)
 Metaspace       used 5834K, capacity 6896K, committed 7040K, reserved 1056768K
  class space    used 589K, capacity 616K, committed 640K, reserved 1048576K
}
Event: 6.649 GC heap before
{Heap before GC invocations=24 (full 2):
 PSYoungGen      total 82944K, used 61905K [0x000000076ab00000, 0x0000000773d00000, 0x00000007c0000000)
  eden space 57856K, 100% used [0x000000076ab00000,0x000000076e380000,0x000000076e380000)
  from space 25088K, 16% used [0x000000076e380000,0x000000076e774450,0x000000076fc00000)
  to   space 37888K, 0% used [0x0000000771800000,0x0000000771800000,0x0000000773d00000)
 ParOldGen       total 86528K, used 67033K [0x00000006c0000000, 0x00000006c5480000, 0x000000076ab00000)
  object space 86528K, 77% used [0x00000006c0000000,0x00000006c4176568,0x00000006c5480000)
 Metaspace       used 5849K, capacity 6896K, committed 7040K, reserved 1056768K
  class space    used 589K, capacity 616K, committed 640K, reserved 1048576K
Event: 6.806 GC heap after
Heap after GC invocations=24 (full 2):
 PSYoungGen      total 101376K, used 20746K [0x000000076ab00000, 0x0000000773880000, 0x00000007c0000000)
  eden space 68096K, 0% used [0x000000076ab00000,0x000000076ab00000,0x000000076ed80000)
  from space 33280K, 62% used [0x0000000771800000,0x0000000772c429d8,0x0000000773880000)
  to   space 38400K, 0% used [0x000000076ed80000,0x000000076ed80000,0x0000000771300000)
 ParOldGen       total 86528K, used 71249K [0x00000006c0000000, 0x00000006c5480000, 0x000000076ab00000)
  object space 86528K, 82% used [0x00000006c0000000,0x00000006c4594568,0x00000006c5480000)
 Metaspace       used 5849K, capacity 6896K, committed 7040K, reserved 1056768K
  class space    used 589K, capacity 616K, committed 640K, reserved 1048576K
}
Event: 6.806 GC heap before
{Heap before GC invocations=25 (full 3):
 PSYoungGen      total 101376K, used 20746K [0x000000076ab00000, 0x0000000773880000, 0x00000007c0000000)
  eden space 68096K, 0% used [0x000000076ab00000,0x000000076ab00000,0x000000076ed80000)
  from space 33280K, 62% used [0x0000000771800000,0x0000000772c429d8,0x0000000773880000)
  to   space 38400K, 0% used [0x000000076ed80000,0x000000076ed80000,0x0000000771300000)
 ParOldGen       total 86528K, used 71249K [0x00000006c0000000, 0x00000006c5480000, 0x000000076ab00000)
  object space 86528K, 82% used [0x00000006c0000000,0x00000006c4594568,0x00000006c5480000)
 Metaspace       used 5849K, capacity 6896K, committed 7040K, reserved 1056768K
  class space    used 589K, capacity 616K, committed 640K, reserved 1048576K
Event: 7.148 GC heap after
Heap after GC invocations=25 (full 3):
 PSYoungGen      total 101376K, used 1735K [0x000000076ab00000, 0x0000000773880000, 0x00000007c0000000)
  eden space 68096K, 0% used [0x000000076ab00000,0x000000076ab00000,0x000000076ed80000)
  from space 33280K, 5% used [0x0000000771800000,0x00000007719b1e60,0x0000000773880000)
  to   space 38400K, 0% used [0x000000076ed80000,0x000000076ed80000,0x0000000771300000)
 ParOldGen       total 105984K, used 86374K [0x00000006c0000000, 0x00000006c6780000, 0x000000076ab00000)
  object space 105984K, 81% used [0x00000006c0000000,0x00000006c54598e0,0x00000006c6780000)
 Metaspace       used 5849K, capacity 6896K, committed 7040K, reserved 1056768K
  class space    used 589K, capacity 616K, committed 640K, reserved 1048576K
}
Event: 7.876 GC heap before
{Heap before GC invocations=26 (full 3):
 PSYoungGen      total 101376K, used 69831K [0x000000076ab00000, 0x0000000773880000, 0x00000007c0000000)
  eden space 68096K, 100% used [0x000000076ab00000,0x000000076ed80000,0x000000076ed80000)
  from space 33280K, 5% used [0x0000000771800000,0x00000007719b1e60,0x0000000773880000)
  to   space 38400K, 0% used [0x000000076ed80000,0x000000076ed80000,0x0000000771300000)
 ParOldGen       total 105984K, used 86374K [0x00000006c0000000, 0x00000006c6780000, 0x000000076ab00000)
  object space 105984K, 81% used [0x00000006c0000000,0x00000006c54598e0,0x00000006c6780000)
 Metaspace       used 5888K, capacity 6960K, committed 7040K, reserved 1056768K
  class space    used 589K, capacity 616K, committed 640K, reserved 1048576K

